<?xml version="1.0" encoding="UTF-8" ?>
<testsuite tests="10" failures="10" name="com.vojke.bookstore.dao.UserDAOTest" time="0.002" errors="0" skipped="0">
  <properties>
[...]
</properties>
  <testcase classname="com.vojke.bookstore.dao.UserDAOTest" name="com.vojke.bookstore.dao.UserDAOTest.testDEletehNonExistUserShouldThrowException" time="0">
    <failure message="EntityManagerFactory is closed" type="java.lang.IllegalStateException">java.lang.IllegalStateException: EntityManagerFactory is closed
	at org.hibernate.internal.SessionFactoryImpl.validateNotClosed(SessionFactoryImpl.java:499)
	at org.hibernate.internal.SessionFactoryImpl.buildEntityManager(SessionFactoryImpl.java:574)
	at org.hibernate.internal.SessionFactoryImpl.createEntityManager(SessionFactoryImpl.java:570)
	at org.hibernate.internal.SessionFactoryImpl.createEntityManager(SessionFactoryImpl.java:156)
	at com.vojke.bookstore.dao.JpaDAO.delete(JpaDAO.java:56)
	at com.vojke.bookstore.dao.UserDAO.delete(UserDAO.java:51)
	at com.vojke.bookstore.dao.UserDAOTest.testDEletehNonExistUserShouldThrowException(UserDAOTest.java:83)
</failure>
  </testcase>
  <testcase classname="com.vojke.bookstore.dao.UserDAOTest" name="com.vojke.bookstore.dao.UserDAOTest.testCount" time="0">
    <failure message="EntityManagerFactory is closed" type="java.lang.IllegalStateException">java.lang.IllegalStateException: EntityManagerFactory is closed
	at org.hibernate.internal.SessionFactoryImpl.validateNotClosed(SessionFactoryImpl.java:499)
	at org.hibernate.internal.SessionFactoryImpl.buildEntityManager(SessionFactoryImpl.java:574)
	at org.hibernate.internal.SessionFactoryImpl.createEntityManager(SessionFactoryImpl.java:570)
	at org.hibernate.internal.SessionFactoryImpl.createEntityManager(SessionFactoryImpl.java:156)
	at com.vojke.bookstore.dao.JpaDAO.countWithNamedQuery(JpaDAO.java:73)
	at com.vojke.bookstore.dao.UserDAO.count(UserDAO.java:61)
	at com.vojke.bookstore.dao.UserDAOTest.testCount(UserDAOTest.java:93)
</failure>
  </testcase>
  <testcase classname="com.vojke.bookstore.dao.UserDAOTest" name="com.vojke.bookstore.dao.UserDAOTest.testFindByEmail" time="0">
    <failure message="EntityManagerFactory is closed" type="java.lang.IllegalStateException">java.lang.IllegalStateException: EntityManagerFactory is closed
	at org.hibernate.internal.SessionFactoryImpl.validateNotClosed(SessionFactoryImpl.java:499)
	at org.hibernate.internal.SessionFactoryImpl.buildEntityManager(SessionFactoryImpl.java:574)
	at org.hibernate.internal.SessionFactoryImpl.createEntityManager(SessionFactoryImpl.java:570)
	at org.hibernate.internal.SessionFactoryImpl.createEntityManager(SessionFactoryImpl.java:156)
	at com.vojke.bookstore.dao.JpaDAO.findWithNamedQueryAndParamater(JpaDAO.java:80)
	at com.vojke.bookstore.dao.UserDAO.findbyEmail(UserDAO.java:65)
	at com.vojke.bookstore.dao.UserDAOTest.testFindByEmail(UserDAOTest.java:99)
</failure>
  </testcase>
  <testcase classname="com.vojke.bookstore.dao.UserDAOTest" name="com.vojke.bookstore.dao.UserDAOTest.testCreateUsers" time="0.001">
    <failure message="EntityManagerFactory is closed" type="java.lang.IllegalStateException">java.lang.IllegalStateException: EntityManagerFactory is closed
	at org.hibernate.internal.SessionFactoryImpl.validateNotClosed(SessionFactoryImpl.java:499)
	at org.hibernate.internal.SessionFactoryImpl.buildEntityManager(SessionFactoryImpl.java:574)
	at org.hibernate.internal.SessionFactoryImpl.createEntityManager(SessionFactoryImpl.java:570)
	at org.hibernate.internal.SessionFactoryImpl.createEntityManager(SessionFactoryImpl.java:156)
	at com.vojke.bookstore.dao.JpaDAO.create(JpaDAO.java:25)
	at com.vojke.bookstore.dao.UserDAO.create(UserDAO.java:34)
	at com.vojke.bookstore.dao.UserDAOTest.testCreateUsers(UserDAOTest.java:36)
</failure>
  </testcase>
  <testcase classname="com.vojke.bookstore.dao.UserDAOTest" name="com.vojke.bookstore.dao.UserDAOTest.testGetUsersById" time="0">
    <failure message="EntityManagerFactory is closed" type="java.lang.IllegalStateException">java.lang.IllegalStateException: EntityManagerFactory is closed
	at org.hibernate.internal.SessionFactoryImpl.validateNotClosed(SessionFactoryImpl.java:499)
	at org.hibernate.internal.SessionFactoryImpl.buildEntityManager(SessionFactoryImpl.java:574)
	at org.hibernate.internal.SessionFactoryImpl.createEntityManager(SessionFactoryImpl.java:570)
	at org.hibernate.internal.SessionFactoryImpl.createEntityManager(SessionFactoryImpl.java:156)
	at com.vojke.bookstore.dao.JpaDAO.find(JpaDAO.java:46)
	at com.vojke.bookstore.dao.UserDAO.get(UserDAO.java:46)
	at com.vojke.bookstore.dao.UserDAOTest.testGetUsersById(UserDAOTest.java:63)
</failure>
  </testcase>
  <testcase classname="com.vojke.bookstore.dao.UserDAOTest" name="com.vojke.bookstore.dao.UserDAOTest.testDeleteUsers" time="0">
    <failure message="EntityManagerFactory is closed" type="java.lang.IllegalStateException">java.lang.IllegalStateException: EntityManagerFactory is closed
	at org.hibernate.internal.SessionFactoryImpl.validateNotClosed(SessionFactoryImpl.java:499)
	at org.hibernate.internal.SessionFactoryImpl.buildEntityManager(SessionFactoryImpl.java:574)
	at org.hibernate.internal.SessionFactoryImpl.createEntityManager(SessionFactoryImpl.java:570)
	at org.hibernate.internal.SessionFactoryImpl.createEntityManager(SessionFactoryImpl.java:156)
	at com.vojke.bookstore.dao.JpaDAO.delete(JpaDAO.java:56)
	at com.vojke.bookstore.dao.UserDAO.delete(UserDAO.java:51)
	at com.vojke.bookstore.dao.UserDAOTest.testDeleteUsers(UserDAOTest.java:75)
</failure>
  </testcase>
  <testcase classname="com.vojke.bookstore.dao.UserDAOTest" name="com.vojke.bookstore.dao.UserDAOTest.testFindAllUsers" time="0">
    <failure message="EntityManagerFactory is closed" type="java.lang.IllegalStateException">java.lang.IllegalStateException: EntityManagerFactory is closed
	at org.hibernate.internal.SessionFactoryImpl.validateNotClosed(SessionFactoryImpl.java:499)
	at org.hibernate.internal.SessionFactoryImpl.buildEntityManager(SessionFactoryImpl.java:574)
	at org.hibernate.internal.SessionFactoryImpl.createEntityManager(SessionFactoryImpl.java:570)
	at org.hibernate.internal.SessionFactoryImpl.createEntityManager(SessionFactoryImpl.java:156)
	at com.vojke.bookstore.dao.JpaDAO.findWithNamedQuery(JpaDAO.java:66)
	at com.vojke.bookstore.dao.UserDAO.listAll(UserDAO.java:56)
	at com.vojke.bookstore.dao.UserDAOTest.testFindAllUsers(UserDAOTest.java:87)
</failure>
  </testcase>
  <testcase classname="com.vojke.bookstore.dao.UserDAOTest" name="com.vojke.bookstore.dao.UserDAOTest.testUpdateUserMethod" time="0">
    <failure message="EntityManagerFactory is closed" type="java.lang.IllegalStateException">java.lang.IllegalStateException: EntityManagerFactory is closed
	at org.hibernate.internal.SessionFactoryImpl.validateNotClosed(SessionFactoryImpl.java:499)
	at org.hibernate.internal.SessionFactoryImpl.buildEntityManager(SessionFactoryImpl.java:574)
	at org.hibernate.internal.SessionFactoryImpl.createEntityManager(SessionFactoryImpl.java:570)
	at org.hibernate.internal.SessionFactoryImpl.createEntityManager(SessionFactoryImpl.java:156)
	at com.vojke.bookstore.dao.JpaDAO.update(JpaDAO.java:37)
	at com.vojke.bookstore.dao.UserDAO.update(UserDAO.java:40)
	at com.vojke.bookstore.dao.UserDAOTest.testUpdateUserMethod(UserDAOTest.java:56)
</failure>
  </testcase>
  <testcase classname="com.vojke.bookstore.dao.UserDAOTest" name="com.vojke.bookstore.dao.UserDAOTest.testGetUsersNotFound" time="0">
    <failure message="EntityManagerFactory is closed" type="java.lang.IllegalStateException">java.lang.IllegalStateException: EntityManagerFactory is closed
	at org.hibernate.internal.SessionFactoryImpl.validateNotClosed(SessionFactoryImpl.java:499)
	at org.hibernate.internal.SessionFactoryImpl.buildEntityManager(SessionFactoryImpl.java:574)
	at org.hibernate.internal.SessionFactoryImpl.createEntityManager(SessionFactoryImpl.java:570)
	at org.hibernate.internal.SessionFactoryImpl.createEntityManager(SessionFactoryImpl.java:156)
	at com.vojke.bookstore.dao.JpaDAO.find(JpaDAO.java:46)
	at com.vojke.bookstore.dao.UserDAO.get(UserDAO.java:46)
	at com.vojke.bookstore.dao.UserDAOTest.testGetUsersNotFound(UserDAOTest.java:69)
</failure>
  </testcase>
  <testcase classname="com.vojke.bookstore.dao.UserDAOTest" name="com.vojke.bookstore.dao.UserDAOTest.testCreateUsersFieldsNotSet" time="0.001">
    <failure message="EntityManagerFactory is closed" type="java.lang.IllegalStateException">java.lang.IllegalStateException: EntityManagerFactory is closed
	at org.hibernate.internal.SessionFactoryImpl.validateNotClosed(SessionFactoryImpl.java:499)
	at org.hibernate.internal.SessionFactoryImpl.buildEntityManager(SessionFactoryImpl.java:574)
	at org.hibernate.internal.SessionFactoryImpl.createEntityManager(SessionFactoryImpl.java:570)
	at org.hibernate.internal.SessionFactoryImpl.createEntityManager(SessionFactoryImpl.java:156)
	at com.vojke.bookstore.dao.JpaDAO.create(JpaDAO.java:25)
	at com.vojke.bookstore.dao.UserDAO.create(UserDAO.java:34)
	at com.vojke.bookstore.dao.UserDAOTest.testCreateUsersFieldsNotSet(UserDAOTest.java:46)
</failure>
  </testcase>
</testsuite>