<?xml version="1.0" encoding="UTF-8" ?>
<testsuite tests="8" failures="8" name="com.vojke.bookstore.entity.BookRatingTest" time="0.007" errors="0" skipped="0">
  <properties>
[...]
</properties>
  <testcase classname="com.vojke.bookstore.entity.BookRatingTest" name="com.vojke.bookstore.entity.BookRatingTest.testAverageRating" time="0">
    <failure message="org/junit/Assert" type="java.lang.NoClassDefFoundError">java.lang.NoClassDefFoundError: org/junit/Assert
	at com.vojke.bookstore.entity.BookRatingTest.testAverageRating(BookRatingTest.java:23)
Caused by: java.lang.ClassNotFoundException: org.junit.Assert
	at java.net.URLClassLoader.findClass(Unknown Source)
	at java.lang.ClassLoader.loadClass(Unknown Source)
	at sun.misc.Launcher$AppClassLoader.loadClass(Unknown Source)
	at java.lang.ClassLoader.loadClass(Unknown Source)
	... 19 more
</failure>
  </testcase>
  <testcase classname="com.vojke.bookstore.entity.BookRatingTest" name="com.vojke.bookstore.entity.BookRatingTest.testAverageRating2" time="0">
    <failure message="org/junit/Assert" type="java.lang.NoClassDefFoundError">java.lang.NoClassDefFoundError: org/junit/Assert
	at com.vojke.bookstore.entity.BookRatingTest.testAverageRating2(BookRatingTest.java:32)
</failure>
  </testcase>
  <testcase classname="com.vojke.bookstore.entity.BookRatingTest" name="com.vojke.bookstore.entity.BookRatingTest.testRatingString4" time="0">
    <failure message="org/junit/Assert" type="java.lang.NoClassDefFoundError">java.lang.NoClassDefFoundError: org/junit/Assert
	at com.vojke.bookstore.entity.BookRatingTest.testRatingString4(BookRatingTest.java:94)
</failure>
  </testcase>
  <testcase classname="com.vojke.bookstore.entity.BookRatingTest" name="com.vojke.bookstore.entity.BookRatingTest.testRatingString5" time="0">
    <failure message="org/junit/Assert" type="java.lang.NoClassDefFoundError">java.lang.NoClassDefFoundError: org/junit/Assert
	at com.vojke.bookstore.entity.BookRatingTest.testRatingString5(BookRatingTest.java:105)
</failure>
  </testcase>
  <testcase classname="com.vojke.bookstore.entity.BookRatingTest" name="com.vojke.bookstore.entity.BookRatingTest.testAverageRating3" time="0.001">
    <failure message="org/junit/Assert" type="java.lang.NoClassDefFoundError">java.lang.NoClassDefFoundError: org/junit/Assert
	at com.vojke.bookstore.entity.BookRatingTest.testAverageRating3(BookRatingTest.java:51)
</failure>
  </testcase>
  <testcase classname="com.vojke.bookstore.entity.BookRatingTest" name="com.vojke.bookstore.entity.BookRatingTest.testRatingString1" time="0">
    <failure message="org/junit/Assert" type="java.lang.NoClassDefFoundError">java.lang.NoClassDefFoundError: org/junit/Assert
	at com.vojke.bookstore.entity.BookRatingTest.testRatingString1(BookRatingTest.java:61)
</failure>
  </testcase>
  <testcase classname="com.vojke.bookstore.entity.BookRatingTest" name="com.vojke.bookstore.entity.BookRatingTest.testRatingString2" time="0.006">
    <failure message="org/junit/Assert" type="java.lang.NoClassDefFoundError">java.lang.NoClassDefFoundError: org/junit/Assert
	at com.vojke.bookstore.entity.BookRatingTest.testRatingString2(BookRatingTest.java:72)
</failure>
  </testcase>
  <testcase classname="com.vojke.bookstore.entity.BookRatingTest" name="com.vojke.bookstore.entity.BookRatingTest.testRatingString3" time="0">
    <failure message="org/junit/Assert" type="java.lang.NoClassDefFoundError">java.lang.NoClassDefFoundError: org/junit/Assert
	at com.vojke.bookstore.entity.BookRatingTest.testRatingString3(BookRatingTest.java:83)
</failure>
  </testcase>
</testsuite>