<?xml version="1.0" encoding="UTF-8" ?>
<testsuite tests="8" failures="8" name="com.vojke.bookstore.dao.CaregoryDAOTest" time="0" errors="0" skipped="0">
  <properties>
[...]
</properties>
  <testcase classname="com.vojke.bookstore.dao.CaregoryDAOTest" name="com.vojke.bookstore.dao.CaregoryDAOTest.testCreateCategory" time="0">
    <failure message="EntityManagerFactory is closed" type="java.lang.IllegalStateException">java.lang.IllegalStateException: EntityManagerFactory is closed
	at org.hibernate.internal.SessionFactoryImpl.validateNotClosed(SessionFactoryImpl.java:499)
	at org.hibernate.internal.SessionFactoryImpl.buildEntityManager(SessionFactoryImpl.java:574)
	at org.hibernate.internal.SessionFactoryImpl.createEntityManager(SessionFactoryImpl.java:570)
	at org.hibernate.internal.SessionFactoryImpl.createEntityManager(SessionFactoryImpl.java:156)
	at com.vojke.bookstore.dao.JpaDAO.create(JpaDAO.java:25)
	at com.vojke.bookstore.dao.CategoryDAO.create(CategoryDAO.java:17)
	at com.vojke.bookstore.dao.CaregoryDAOTest.testCreateCategory(CaregoryDAOTest.java:32)
</failure>
  </testcase>
  <testcase classname="com.vojke.bookstore.dao.CaregoryDAOTest" name="com.vojke.bookstore.dao.CaregoryDAOTest.testFindByNameNotFound" time="0">
    <failure message="EntityManagerFactory is closed" type="java.lang.IllegalStateException">java.lang.IllegalStateException: EntityManagerFactory is closed
	at org.hibernate.internal.SessionFactoryImpl.validateNotClosed(SessionFactoryImpl.java:499)
	at org.hibernate.internal.SessionFactoryImpl.buildEntityManager(SessionFactoryImpl.java:574)
	at org.hibernate.internal.SessionFactoryImpl.createEntityManager(SessionFactoryImpl.java:570)
	at org.hibernate.internal.SessionFactoryImpl.createEntityManager(SessionFactoryImpl.java:156)
	at com.vojke.bookstore.dao.JpaDAO.findWithNamedQueryAndParamater(JpaDAO.java:80)
	at com.vojke.bookstore.dao.CategoryDAO.findByName(CategoryDAO.java:47)
	at com.vojke.bookstore.dao.CaregoryDAOTest.testFindByNameNotFound(CaregoryDAOTest.java:81)
</failure>
  </testcase>
  <testcase classname="com.vojke.bookstore.dao.CaregoryDAOTest" name="com.vojke.bookstore.dao.CaregoryDAOTest.testUpdateCategory" time="0">
    <failure message="EntityManagerFactory is closed" type="java.lang.IllegalStateException">java.lang.IllegalStateException: EntityManagerFactory is closed
	at org.hibernate.internal.SessionFactoryImpl.validateNotClosed(SessionFactoryImpl.java:499)
	at org.hibernate.internal.SessionFactoryImpl.buildEntityManager(SessionFactoryImpl.java:574)
	at org.hibernate.internal.SessionFactoryImpl.createEntityManager(SessionFactoryImpl.java:570)
	at org.hibernate.internal.SessionFactoryImpl.createEntityManager(SessionFactoryImpl.java:156)
	at com.vojke.bookstore.dao.JpaDAO.update(JpaDAO.java:37)
	at com.vojke.bookstore.dao.CategoryDAO.update(CategoryDAO.java:22)
	at com.vojke.bookstore.dao.CaregoryDAOTest.testUpdateCategory(CaregoryDAOTest.java:40)
</failure>
  </testcase>
  <testcase classname="com.vojke.bookstore.dao.CaregoryDAOTest" name="com.vojke.bookstore.dao.CaregoryDAOTest.testDeleteCategoryt" time="0">
    <failure message="EntityManagerFactory is closed" type="java.lang.IllegalStateException">java.lang.IllegalStateException: EntityManagerFactory is closed
	at org.hibernate.internal.SessionFactoryImpl.validateNotClosed(SessionFactoryImpl.java:499)
	at org.hibernate.internal.SessionFactoryImpl.buildEntityManager(SessionFactoryImpl.java:574)
	at org.hibernate.internal.SessionFactoryImpl.createEntityManager(SessionFactoryImpl.java:570)
	at org.hibernate.internal.SessionFactoryImpl.createEntityManager(SessionFactoryImpl.java:156)
	at com.vojke.bookstore.dao.JpaDAO.delete(JpaDAO.java:56)
	at com.vojke.bookstore.dao.CategoryDAO.delete(CategoryDAO.java:32)
	at com.vojke.bookstore.dao.CaregoryDAOTest.testDeleteCategoryt(CaregoryDAOTest.java:56)
</failure>
  </testcase>
  <testcase classname="com.vojke.bookstore.dao.CaregoryDAOTest" name="com.vojke.bookstore.dao.CaregoryDAOTest.testListAll" time="0">
    <failure message="EntityManagerFactory is closed" type="java.lang.IllegalStateException">java.lang.IllegalStateException: EntityManagerFactory is closed
	at org.hibernate.internal.SessionFactoryImpl.validateNotClosed(SessionFactoryImpl.java:499)
	at org.hibernate.internal.SessionFactoryImpl.buildEntityManager(SessionFactoryImpl.java:574)
	at org.hibernate.internal.SessionFactoryImpl.createEntityManager(SessionFactoryImpl.java:570)
	at org.hibernate.internal.SessionFactoryImpl.createEntityManager(SessionFactoryImpl.java:156)
	at com.vojke.bookstore.dao.JpaDAO.findWithNamedQuery(JpaDAO.java:66)
	at com.vojke.bookstore.dao.CategoryDAO.listAll(CategoryDAO.java:38)
	at com.vojke.bookstore.dao.CaregoryDAOTest.testListAll(CaregoryDAOTest.java:64)
</failure>
  </testcase>
  <testcase classname="com.vojke.bookstore.dao.CaregoryDAOTest" name="com.vojke.bookstore.dao.CaregoryDAOTest.testCount" time="0">
    <failure message="EntityManagerFactory is closed" type="java.lang.IllegalStateException">java.lang.IllegalStateException: EntityManagerFactory is closed
	at org.hibernate.internal.SessionFactoryImpl.validateNotClosed(SessionFactoryImpl.java:499)
	at org.hibernate.internal.SessionFactoryImpl.buildEntityManager(SessionFactoryImpl.java:574)
	at org.hibernate.internal.SessionFactoryImpl.createEntityManager(SessionFactoryImpl.java:570)
	at org.hibernate.internal.SessionFactoryImpl.createEntityManager(SessionFactoryImpl.java:156)
	at com.vojke.bookstore.dao.JpaDAO.countWithNamedQuery(JpaDAO.java:73)
	at com.vojke.bookstore.dao.CategoryDAO.count(CategoryDAO.java:43)
	at com.vojke.bookstore.dao.CaregoryDAOTest.testCount(CaregoryDAOTest.java:70)
</failure>
  </testcase>
  <testcase classname="com.vojke.bookstore.dao.CaregoryDAOTest" name="com.vojke.bookstore.dao.CaregoryDAOTest.testGet" time="0">
    <failure message="EntityManagerFactory is closed" type="java.lang.IllegalStateException">java.lang.IllegalStateException: EntityManagerFactory is closed
	at org.hibernate.internal.SessionFactoryImpl.validateNotClosed(SessionFactoryImpl.java:499)
	at org.hibernate.internal.SessionFactoryImpl.buildEntityManager(SessionFactoryImpl.java:574)
	at org.hibernate.internal.SessionFactoryImpl.createEntityManager(SessionFactoryImpl.java:570)
	at org.hibernate.internal.SessionFactoryImpl.createEntityManager(SessionFactoryImpl.java:156)
	at com.vojke.bookstore.dao.JpaDAO.find(JpaDAO.java:46)
	at com.vojke.bookstore.dao.CategoryDAO.get(CategoryDAO.java:27)
	at com.vojke.bookstore.dao.CaregoryDAOTest.testGet(CaregoryDAOTest.java:49)
</failure>
  </testcase>
  <testcase classname="com.vojke.bookstore.dao.CaregoryDAOTest" name="com.vojke.bookstore.dao.CaregoryDAOTest.testFindByName" time="0">
    <failure message="EntityManagerFactory is closed" type="java.lang.IllegalStateException">java.lang.IllegalStateException: EntityManagerFactory is closed
	at org.hibernate.internal.SessionFactoryImpl.validateNotClosed(SessionFactoryImpl.java:499)
	at org.hibernate.internal.SessionFactoryImpl.buildEntityManager(SessionFactoryImpl.java:574)
	at org.hibernate.internal.SessionFactoryImpl.createEntityManager(SessionFactoryImpl.java:570)
	at org.hibernate.internal.SessionFactoryImpl.createEntityManager(SessionFactoryImpl.java:156)
	at com.vojke.bookstore.dao.JpaDAO.findWithNamedQueryAndParamater(JpaDAO.java:80)
	at com.vojke.bookstore.dao.CategoryDAO.findByName(CategoryDAO.java:47)
	at com.vojke.bookstore.dao.CaregoryDAOTest.testFindByName(CaregoryDAOTest.java:76)
</failure>
  </testcase>
</testsuite>