<?xml version="1.0" encoding="UTF-8" ?>
<testsuite tests="8" failures="8" name="com.vojke.bookstore.controller.frontend.shoppingcart.ShoppingCartTest" time="0.203" errors="0" skipped="0">
  <properties>
[...]
</properties>
  <testcase classname="com.vojke.bookstore.controller.frontend.shoppingcart.ShoppingCartTest" name="com.vojke.bookstore.controller.frontend.shoppingcart.ShoppingCartTest.testGetTotalAmount1" time="0.202">
    <failure message="org/junit/Assert" type="java.lang.NoClassDefFoundError">java.lang.NoClassDefFoundError: org/junit/Assert
	at com.vojke.bookstore.controller.frontend.shoppingcart.ShoppingCartTest.testGetTotalAmount1(ShoppingCartTest.java:58)
Caused by: java.lang.ClassNotFoundException: org.junit.Assert
	at java.net.URLClassLoader.findClass(Unknown Source)
	at java.lang.ClassLoader.loadClass(Unknown Source)
	at sun.misc.Launcher$AppClassLoader.loadClass(Unknown Source)
	at java.lang.ClassLoader.loadClass(Unknown Source)
	... 19 more
</failure>
  </testcase>
  <testcase classname="com.vojke.bookstore.controller.frontend.shoppingcart.ShoppingCartTest" name="com.vojke.bookstore.controller.frontend.shoppingcart.ShoppingCartTest.testGetTotalquantity" time="0">
    <failure message="org/junit/Assert" type="java.lang.NoClassDefFoundError">java.lang.NoClassDefFoundError: org/junit/Assert
	at com.vojke.bookstore.controller.frontend.shoppingcart.ShoppingCartTest.testGetTotalquantity(ShoppingCartTest.java:53)
</failure>
  </testcase>
  <testcase classname="com.vojke.bookstore.controller.frontend.shoppingcart.ShoppingCartTest" name="com.vojke.bookstore.controller.frontend.shoppingcart.ShoppingCartTest.testGetTotalAmount2" time="0">
    <failure message="org/junit/Assert" type="java.lang.NoClassDefFoundError">java.lang.NoClassDefFoundError: org/junit/Assert
	at com.vojke.bookstore.controller.frontend.shoppingcart.ShoppingCartTest.testGetTotalAmount2(ShoppingCartTest.java:62)
</failure>
  </testcase>
  <testcase classname="com.vojke.bookstore.controller.frontend.shoppingcart.ShoppingCartTest" name="com.vojke.bookstore.controller.frontend.shoppingcart.ShoppingCartTest.testRemoveItem" time="0">
    <failure message="org/junit/Assert" type="java.lang.NoClassDefFoundError">java.lang.NoClassDefFoundError: org/junit/Assert
	at com.vojke.bookstore.controller.frontend.shoppingcart.ShoppingCartTest.testRemoveItem(ShoppingCartTest.java:37)
</failure>
  </testcase>
  <testcase classname="com.vojke.bookstore.controller.frontend.shoppingcart.ShoppingCartTest" name="com.vojke.bookstore.controller.frontend.shoppingcart.ShoppingCartTest.testAddItem" time="0">
    <failure message="org/junit/Assert" type="java.lang.NoClassDefFoundError">java.lang.NoClassDefFoundError: org/junit/Assert
	at com.vojke.bookstore.controller.frontend.shoppingcart.ShoppingCartTest.testAddItem(ShoppingCartTest.java:32)
</failure>
  </testcase>
  <testcase classname="com.vojke.bookstore.controller.frontend.shoppingcart.ShoppingCartTest" name="com.vojke.bookstore.controller.frontend.shoppingcart.ShoppingCartTest.testRemoveItem2" time="0">
    <failure message="org/junit/Assert" type="java.lang.NoClassDefFoundError">java.lang.NoClassDefFoundError: org/junit/Assert
	at com.vojke.bookstore.controller.frontend.shoppingcart.ShoppingCartTest.testRemoveItem2(ShoppingCartTest.java:44)
</failure>
  </testcase>
  <testcase classname="com.vojke.bookstore.controller.frontend.shoppingcart.ShoppingCartTest" name="com.vojke.bookstore.controller.frontend.shoppingcart.ShoppingCartTest.testClear" time="0">
    <failure message="org/junit/Assert" type="java.lang.NoClassDefFoundError">java.lang.NoClassDefFoundError: org/junit/Assert
	at com.vojke.bookstore.controller.frontend.shoppingcart.ShoppingCartTest.testClear(ShoppingCartTest.java:67)
</failure>
  </testcase>
  <testcase classname="com.vojke.bookstore.controller.frontend.shoppingcart.ShoppingCartTest" name="com.vojke.bookstore.controller.frontend.shoppingcart.ShoppingCartTest.testUpdateCart" time="0.001">
    <failure message="org/junit/Assert" type="java.lang.NoClassDefFoundError">java.lang.NoClassDefFoundError: org/junit/Assert
	at com.vojke.bookstore.controller.frontend.shoppingcart.ShoppingCartTest.testUpdateCart(ShoppingCartTest.java:83)
</failure>
  </testcase>
</testsuite>